{"D:\\Coding\\estudo\\weather-app\\src\\components\\title\\Title.tsx": {"path":"D:\\Coding\\estudo\\weather-app\\src\\components\\title\\Title.tsx","statementMap":{"0":{"start":{"line":1,"column":0},"end":{"line":1,"column":26}},"1":{"start":{"line":2,"column":0},"end":{"line":2,"column":34}},"2":{"start":{"line":3,"column":0},"end":{"line":3,"column":64}},"3":{"start":{"line":5,"column":14},"end":{"line":22,"column":1}},"4":{"start":{"line":6,"column":25},"end":{"line":13,"column":4}},"5":{"start":{"line":14,"column":2},"end":{"line":21,"column":4}},"6":{"start":{"line":24,"column":0},"end":{"line":24,"column":21}}},"fnMap":{"0":{"name":"(anonymous_1)","decl":{"start":{"line":5,"column":14},"end":{"line":5,"column":null}},"loc":{"start":{"line":5,"column":14},"end":{"line":22,"column":1}}}},"branchMap":{},"s":{"0":1,"1":1,"2":1,"3":1,"4":1,"5":1,"6":1},"f":{"0":1},"b":{}}
}
